<?xml version="1.0" encoding="UTF-8"?>
<coverage generated="1433870999">
  <project timestamp="1433870999">
    <package name="Controllers">
      <file name="/Users/pablo/Workspace/tasker/src/Controllers/Tasks.php">
        <class name="Tasks" namespace="Controllers">
          <metrics methods="3" coveredmethods="2" conditionals="0" coveredconditionals="0" statements="29" coveredstatements="17" elements="32" coveredelements="19"/>
        </class>
        <line num="15" type="method" name="__construct" crap="1" count="1"/>
        <line num="17" type="stmt" count="1"/>
        <line num="18" type="stmt" count="1"/>
        <line num="19" type="stmt" count="1"/>
        <line num="20" type="stmt" count="1"/>
        <line num="22" type="method" name="deploy" crap="5" count="1"/>
        <line num="24" type="stmt" count="1"/>
        <line num="25" type="stmt" count="1"/>
        <line num="27" type="stmt" count="1"/>
        <line num="29" type="stmt" count="1"/>
        <line num="30" type="stmt" count="1"/>
        <line num="31" type="stmt" count="1"/>
        <line num="33" type="stmt" count="1"/>
        <line num="34" type="stmt" count="1"/>
        <line num="35" type="stmt" count="1"/>
        <line num="36" type="stmt" count="1"/>
        <line num="37" type="stmt" count="1"/>
        <line num="38" type="stmt" count="1"/>
        <line num="39" type="stmt" count="1"/>
        <line num="42" type="method" name="get" crap="12" count="0"/>
        <line num="44" type="stmt" count="0"/>
        <line num="45" type="stmt" count="0"/>
        <line num="46" type="stmt" count="0"/>
        <line num="47" type="stmt" count="0"/>
        <line num="49" type="stmt" count="0"/>
        <line num="50" type="stmt" count="0"/>
        <line num="51" type="stmt" count="0"/>
        <line num="52" type="stmt" count="0"/>
        <line num="54" type="stmt" count="0"/>
        <line num="55" type="stmt" count="0"/>
        <line num="57" type="stmt" count="0"/>
        <line num="58" type="stmt" count="0"/>
        <metrics loc="60" ncloc="60" classes="1" methods="3" coveredmethods="2" conditionals="0" coveredconditionals="0" statements="29" coveredstatements="17" elements="32" coveredelements="19"/>
      </file>
    </package>
    <package name="Models">
      <file name="/Users/pablo/Workspace/tasker/src/Models/CommitHistory.php">
        <class name="CommitHistory" namespace="Models">
          <metrics methods="3" coveredmethods="0" conditionals="0" coveredconditionals="0" statements="17" coveredstatements="0" elements="20" coveredelements="0"/>
        </class>
        <line num="11" type="method" name="shouldComment" crap="6" count="0"/>
        <line num="13" type="stmt" count="0"/>
        <line num="14" type="stmt" count="0"/>
        <line num="15" type="stmt" count="0"/>
        <line num="16" type="stmt" count="0"/>
        <line num="18" type="stmt" count="0"/>
        <line num="22" type="method" name="setCommit" crap="2" count="0"/>
        <line num="24" type="stmt" count="0"/>
        <line num="25" type="stmt" count="0"/>
        <line num="26" type="stmt" count="0"/>
        <line num="27" type="stmt" count="0"/>
        <line num="29" type="method" name="getHistory" crap="12" count="0"/>
        <line num="31" type="stmt" count="0"/>
        <line num="33" type="stmt" count="0"/>
        <line num="34" type="stmt" count="0"/>
        <line num="35" type="stmt" count="0"/>
        <line num="37" type="stmt" count="0"/>
        <line num="38" type="stmt" count="0"/>
        <line num="40" type="stmt" count="0"/>
        <line num="41" type="stmt" count="0"/>
        <metrics loc="43" ncloc="43" classes="1" methods="3" coveredmethods="0" conditionals="0" coveredconditionals="0" statements="17" coveredstatements="0" elements="20" coveredelements="0"/>
      </file>
      <file name="/Users/pablo/Workspace/tasker/src/Models/Github.php">
        <class name="Github" namespace="Models">
          <metrics methods="2" coveredmethods="1" conditionals="0" coveredconditionals="0" statements="11" coveredstatements="6" elements="13" coveredelements="7"/>
        </class>
        <line num="10" type="method" name="__construct" crap="1" count="1"/>
        <line num="12" type="stmt" count="1"/>
        <line num="13" type="stmt" count="1"/>
        <line num="15" type="method" name="getCommits" crap="1.17" count="1"/>
        <line num="17" type="stmt" count="1"/>
        <line num="18" type="stmt" count="1"/>
        <line num="19" type="stmt" count="1"/>
        <line num="21" type="stmt" count="1"/>
        <line num="22" type="stmt" count="0"/>
        <line num="23" type="stmt" count="0"/>
        <line num="24" type="stmt" count="0"/>
        <line num="25" type="stmt" count="0"/>
        <line num="26" type="stmt" count="0"/>
        <metrics loc="28" ncloc="28" classes="1" methods="2" coveredmethods="1" conditionals="0" coveredconditionals="0" statements="11" coveredstatements="6" elements="13" coveredelements="7"/>
      </file>
    </package>
    <metrics files="3" loc="131" ncloc="131" classes="3" methods="8" coveredmethods="3" conditionals="0" coveredconditionals="0" statements="57" coveredstatements="23" elements="65" coveredelements="26"/>
  </project>
</coverage>
